<?xml version="1.0" encoding="UTF-8"?>
<!-- Generated by org.testng.reporters.JUnitXMLReporter -->
<testsuite ignored="0" hostname="DESKTOP-A8NLMHK" failures="0" tests="2" name="chrome" time="0.135" errors="0" timestamp="2024-11-27T14:58:22 IST">
  <testcase classname="com.TestNG.FlipkartWithAnnotation" name="@BeforeClass launchBrowser" time="-1.732699702639E9">
    <failure type="org.testng.TestNGException" message="
Parameter &amp;apos;bro&amp;apos; is required by BeforeClass on method launchBrowser but has not been marked @Optional or defined
in C:\Users\Lab-03-Demo\eclipse-workspace\gautam2\Lecture1.30to3.00\testng.xml">
      <![CDATA[org.testng.TestNGException: 
Parameter 'bro' is required by BeforeClass on method launchBrowser but has not been marked @Optional or defined
in C:\Users\Lab-03-Demo\eclipse-workspace\gautam2\Lecture1.30to3.00\testng.xml
at java.base/java.util.ArrayList.forEach(ArrayList.java:1511)
... Removed 26 stack frames]]>
    </failure>
  </testcase> <!-- @BeforeClass launchBrowser -->
  <testcase classname="com.TestNG.FlipkartWithAnnotation" name="@BeforeMethod OpenSite" time="0.0">
    <skipped/>
  </testcase> <!-- @BeforeMethod OpenSite -->
  <testcase classname="com.TestNG.FlipkartWithAnnotation" name="@AfterMethod closeChildWindow" time="0.0">
    <skipped/>
  </testcase> <!-- @AfterMethod closeChildWindow -->
  <testcase classname="com.TestNG.FlipkartWithAnnotation" name="@BeforeMethod OpenSite" time="0.0">
    <skipped/>
  </testcase> <!-- @BeforeMethod OpenSite -->
  <testcase classname="com.TestNG.FlipkartWithAnnotation" name="@AfterMethod closeChildWindow" time="0.0">
    <skipped/>
  </testcase> <!-- @AfterMethod closeChildWindow -->
  <testcase classname="com.TestNG.FlipkartWithAnnotation" name="@AfterClass closeBrowser" time="0.0">
    <skipped/>
  </testcase> <!-- @AfterClass closeBrowser -->
  <testcase classname="com.TestNG.FlipkartWithAnnotation" name="Mobile" time="0.0">
    <skipped/>
  </testcase> <!-- Mobile -->
  <testcase classname="com.TestNG.FlipkartWithAnnotation" name="Ac" time="0.0">
    <skipped/>
  </testcase> <!-- Ac -->
</testsuite> <!-- chrome -->
